t=12 0
t=17 0
t=19 0
t=21 0
t=23 0
t=25 0
t=27 0
t=28 0
t=31 0
t=32 2
t=35 0
t=36 0
t=38 0
t=43 2
t=44 2
t=45 2
t=47 2
t=48 3
t=49 3
t=50 4
t=52 2
t=56 3
t=57 4
t=60 4
t=61 2
t=64 4
t=66 4
t=68 4
t=70 2
t=72 3
t=74 4
t=76 8
t=78 4
t=81 8
t=82 4
t=83 8
t=88 9
t=90 9
t=92 9
t=93 9
t=95 9
t=96 9
t=98 9
t=99 9
t=100 9
t=103 9
t=104 12
t=105 12
t=106 12
t=111 9
t=112 12
t=113 12
t=117 13
t=120 13
t=122 13
t=126 12
t=127 13
t=129 15
t=131 13
t=133 15
t=135 13
t=137 15
t=141 15
t=142 13
t=147 15
t=149 16
t=151 16
t=153 15
t=155 15
t=157 16
t=159 20
t=161 17
t=163 17
t=165 16
t=166 16
t=167 16
t=169 16
t=170 20
t=172 20
t=174 16
t=176 20
t=178 22
t=180 20
t=182 17
t=184 20
t=185 20
t=187 22
t=188 20
t=191 22
t=192 22
t=194 22
t=196 22
t=200 24
t=203 24
t=204 22
t=209 24
t=210 24
t=213 24
t=215 24
t=217 24
t=219 25
t=220 25
t=222 25
t=224 25
t=226 26
t=227 26
t=228 25
t=232 25
t=234 27
t=235 26
t=238 25
t=239 26
t=241 26
t=243 27
t=245 27
t=247 26
t=249 29
t=251 27
t=254 27
t=255 27
t=257 29
t=258 30
t=263 30
t=265 29
t=266 29
t=268 30
t=270 29
t=272 30
t=274 31
t=276 30
t=278 30
t=280 31
t=284 1
t=288 1
t=290 31
t=293 1
t=295 31
t=297 1
t=299 1
t=301 1
t=303 1
t=305 1
t=307 1
t=309 1
t=311 1
t=313 1
t=315 2
t=317 2
t=319 1
t=322 2
t=323 2
t=325 3
t=326 2
t=328 3
t=330 2
t=332 3
t=336 3
t=337 3
t=339 3
t=340 3
t=342 3
t=344 3
t=346 3
t=347 3
t=349 3
t=350 3
t=352 4
t=353 4
t=354 9
t=357 4
t=358 4
t=360 4
t=362 9
t=363 3
t=366 4
t=367 4
t=369 9
t=370 10
t=375 11
t=376 10
t=379 10
t=381 10
t=383 10
t=385 12
t=387 12
t=390 11
t=392 11
t=394 14
t=396 14
t=398 14
t=400 14
t=402 14
t=404 14
t=406 14
t=408 15
t=410 15
t=413 15
t=415 14
t=416 15
t=417 15
t=419 16
t=421 15
t=422 15
t=423 16
t=424 16
t=425 16
t=426 16
t=427 16
t=428 16
t=429 16
t=430 16
t=431 17
