0
0
0
0
0
0
0
0
0
2
0
0
1
1
1
1
1
1
1
1
3
1
1
1
4
1
1
7
6
1
3
8
3
5
5
5
9
3
5
3
9
5
5
9
4
12
11
10
5
10
10
10
9
13
10
13
10
10
13
15
14
13
14
13
14
14
20
16
14
14
14
19
14
16
14
17
14
16
18
14
14
17
17
22
16
17
21
16
21
21
17
17
24
23
21
23
23
23
21
21
25
25
23
23
23
23
25
26
25
25
23
25
23
27
25
26
26
26
29
28
27
27
26
28
30
27
27
28
1
28
31
31
31
30
0
28
31
31
30
31
31
30
0
0
31
0
0
2
0
2
2
2
2
3
2
2
2
0
2
3
2
2
3
2
2
8
6
4
9
4
2
4
4
7
5
3
4
10
4
5
4
4
11
4
5
12
14
13
11
11
11
11
11
11
11
15
12
13
13
15
12
13
16
15
15
15
15
16
16
16
16
EOT
