t=0 1
t=3 1
t=4 1
t=5 1
t=6 1
t=7 1
t=8 1
t=9 1
t=10 1
t=11 1
t=12 1
t=13 2
t=16 1
t=17 1
t=19 1
t=21 1
t=23 1
t=25 1
t=27 1
t=30 1
t=31 1
t=33 2
t=34 1
t=36 2
t=40 1
t=41 1
t=42 1
t=43 1
t=44 2
t=47 1
t=49 2
t=52 3
t=54 4
t=57 5
t=58 6
t=59 1
t=62 2
t=63 1
t=64 1
t=65 2
t=66 1
t=68 1
t=70 1
t=71 2
t=72 1
t=73 2
t=74 1
t=75 2
t=76 1
t=77 2
t=78 1
t=79 2
t=80 1
t=82 2
t=83 3
t=84 4
t=87 1
t=88 1
t=89 2
t=90 1
t=92 1
t=95 1
t=98 1
t=101 1
t=103 1
t=105 2
t=110 1
t=111 1
t=112 2
t=113 3
t=116 1
t=117 1
t=118 2
t=119 1
t=120 1
t=122 1
t=124 1
t=125 1
t=126 1
t=127 2
t=128 3
t=129 1
t=130 2
t=131 1
t=133 2
t=135 3
t=136 4
t=138 5
t=141 1
t=143 2
t=144 1
t=145 1
t=146 1
t=147 1
t=148 2
t=149 1
t=150 2
t=151 1
t=153 1
t=154 2
t=155 1
t=157 1
t=158 2
t=159 1
t=160 2
t=161 1
t=163 2
t=166 3
t=169 1
t=171 2
t=172 1
t=174 1
t=175 2
t=176 1
t=177 2
t=178 1
t=179 2
t=180 1
t=182 2
t=184 3
t=185 4
t=187 1
t=188 2
t=189 3
t=191 1
t=192 2
t=194 1
t=196 1
t=198 1
t=199 1
t=200 1
t=201 2
t=203 1
t=205 2
t=206 1
t=207 1
t=208 1
t=209 1
t=210 2
t=212 1
t=213 1
t=215 1
t=217 1
t=219 1
t=220 2
t=224 1
t=226 1
t=227 2
t=230 3
t=232 1
t=234 1
t=235 2
t=236 3
t=238 1
t=239 2
t=240 3
t=241 1
t=243 1
t=244 2
t=245 1
t=247 1
t=248 2
t=249 1
t=250 2
t=251 1
t=252 2
t=253 1
t=255 2
t=256 3
t=257 1
t=258 2
t=259 3
t=262 1
t=263 1
t=264 2
t=265 1
t=266 2
t=267 3
t=268 1
t=269 2
t=270 1
t=271 2
t=272 1
t=273 2
t=274 1
t=275 2
t=276 1
t=277 2
t=278 1
t=279 2
t=280 1
t=281 2
t=282 1
t=283 1
t=284 1
t=285 2
t=286 1
t=288 1
t=290 1
t=291 2
t=292 1
t=294 2
t=295 1
t=296 2
t=297 1
t=298 2
t=299 1
t=301 1
t=303 1
t=305 1
t=307 1
t=309 1
t=311 1
t=313 1
t=315 1
t=316 2
t=317 1
t=319 1
t=320 2
t=321 1
t=323 2
t=325 1
t=326 2
t=327 3
t=330 4
t=331 5
t=334 6
t=336 1
t=339 1
t=342 1
t=344 1
t=346 1
t=349 1
t=352 1
t=353 2
t=355 3
t=356 1
t=358 2
t=362 1
t=363 2
t=364 3
t=366 1
t=367 2
t=369 1
t=370 2
t=371 3
t=373 1
t=374 1
t=375 1
t=376 2
t=377 3
t=378 1
t=381 1
t=383 1
t=385 1
t=386 2
t=387 1
t=389 1
t=390 1
t=391 2
t=392 1
t=394 1
t=395 2
t=396 1
t=400 1
t=402 1
t=404 1
t=406 1
t=408 1
t=409 2
t=412 1
t=413 1
t=415 1
t=416 2
t=417 3
t=419 1
t=420 2
t=422 3
t=424 4
